<?xml version="1.0" encoding="UTF-8"?>
<testng-results ignored="0" total="1" passed="1" failed="0" skipped="0">
  <reporter-output>
  </reporter-output>
  <suite started-at="2022-04-13T00:52:17 IST" name="Default suite" finished-at="2022-04-13T00:53:15 IST" duration-ms="58476">
    <groups>
    </groups>
    <test started-at="2022-04-13T00:52:17 IST" name="Default test" finished-at="2022-04-13T00:53:15 IST" duration-ms="58476">
      <class name="org.selenium.TestCase1">
        <test-method is-config="true" signature="startDriver()[pri:0, instance:org.selenium.TestCase1@47e4d9d0]" started-at="2022-04-13T00:52:17 IST" name="startDriver" finished-at="2022-04-13T00:52:24 IST" duration-ms="7414" status="PASS">
          <reporter-output>
          </reporter-output>
        </test-method> <!-- startDriver -->
        <test-method signature="testScenerio()[pri:0, instance:org.selenium.TestCase1@47e4d9d0]" started-at="2022-04-13T00:52:25 IST" name="testScenerio" finished-at="2022-04-13T00:53:14 IST" duration-ms="49046" status="PASS">
          <reporter-output>
          </reporter-output>
        </test-method> <!-- testScenerio -->
        <test-method is-config="true" signature="quitDriver()[pri:0, instance:org.selenium.TestCase1@47e4d9d0]" started-at="2022-04-13T00:53:14 IST" name="quitDriver" finished-at="2022-04-13T00:53:15 IST" duration-ms="1269" status="PASS">
          <reporter-output>
          </reporter-output>
        </test-method> <!-- quitDriver -->
      </class> <!-- org.selenium.TestCase1 -->
    </test> <!-- Default test -->
  </suite> <!-- Default suite -->
</testng-results>
